<?xml version="1.0" encoding="UTF-8"?>
<!-- Generated by org.testng.reporters.JUnitReportReporter -->
<testsuite hostname="DESKTOP-SEE9OFQ" failures="0" tests="1" name="com.iween.searchtobookingsupplierwise.TCSBS_14_SearchToBookingEmiratesSupplier" time="112.481" errors="0" timestamp="2025-09-01T14:42:29 IST" skipped="0">
  <testcase classname="com.iween.searchtobookingsupplierwise.TCSBS_14_SearchToBookingEmiratesSupplier" name="myTest" time="112.481"/>
</testsuite> <!-- com.iween.searchtobookingsupplierwise.TCSBS_14_SearchToBookingEmiratesSupplier -->
