<?xml version="1.0" encoding="UTF-8"?>
<!-- Generated by org.testng.reporters.JUnitReportReporter -->
<testsuite hostname="DESKTOP-SEE9OFQ" failures="0" tests="1" name="com.iween.searchtobookingsupplierwise.TCSBS_28_SearchToBookingAirarabiaSupplier" time="128.721" errors="0" timestamp="2025-09-01T14:42:29 IST" skipped="0">
  <testcase classname="com.iween.searchtobookingsupplierwise.TCSBS_28_SearchToBookingAirarabiaSupplier" name="myTest" time="128.721"/>
</testsuite> <!-- com.iween.searchtobookingsupplierwise.TCSBS_28_SearchToBookingAirarabiaSupplier -->
