<?xml version="1.0" encoding="UTF-8"?>
<!-- Generated by org.testng.reporters.JUnitReportReporter -->
<testsuite hostname="DESKTOP-SEE9OFQ" failures="0" tests="1" name="com.iween.searchtobookingsupplierwiseroundtrip.TCSBS_8_SearchToBookingBiletbankSupplier" time="168.172" errors="0" timestamp="2025-08-29T16:26:51 IST" skipped="0">
  <testcase classname="com.iween.searchtobookingsupplierwiseroundtrip.TCSBS_8_SearchToBookingBiletbankSupplier" name="myTest" time="168.172"/>
</testsuite> <!-- com.iween.searchtobookingsupplierwiseroundtrip.TCSBS_8_SearchToBookingBiletbankSupplier -->
