<?xml version="1.0" encoding="UTF-8"?>
<!-- Generated by org.testng.reporters.JUnitReportReporter -->
<testsuite hostname="DESKTOP-SEE9OFQ" failures="0" tests="1" name="com.iween.testcase.TCCP_2" time="15.271" errors="0" timestamp="2025-09-13T16:12:03 IST" skipped="0">
  <testcase classname="com.iween.testcase.TCCP_2" name="myTest" time="15.271"/>
</testsuite> <!-- com.iween.testcase.TCCP_2 -->
