<?xml version="1.0" encoding="UTF-8"?>
<!-- Generated by org.testng.reporters.JUnitReportReporter -->
<testsuite hostname="DESKTOP-SEE9OFQ" failures="0" tests="1" name="com.iween.searchtobookingsupplierwiseroundtrip.TCSBS_11_SearchToBookingflyarianaSupplier" time="172.256" errors="0" timestamp="2025-08-29T16:26:52 IST" skipped="0">
  <testcase classname="com.iween.searchtobookingsupplierwiseroundtrip.TCSBS_11_SearchToBookingflyarianaSupplier" name="myTest" time="172.256"/>
</testsuite> <!-- com.iween.searchtobookingsupplierwiseroundtrip.TCSBS_11_SearchToBookingflyarianaSupplier -->
