<?xml version="1.0" encoding="UTF-8"?>
<!-- Generated by org.testng.reporters.JUnitReportReporter -->
<testsuite hostname="DESKTOP-SEE9OFQ" failures="2" tests="29" name="com.iween.OneWay.TCCP_1" time="2331.257" errors="0" timestamp="2025-09-16T14:37:27 IST" skipped="0">
  <testcase classname="com.iween.OneWay.TCCP_1" name="myTest" time="71.089"/>
  <testcase classname="com.iween.OneWay.TCCP_1" name="myTest" time="74.458"/>
  <testcase classname="com.iween.OneWay.TCCP_1" name="myTest" time="88.029"/>
  <testcase classname="com.iween.OneWay.TCCP_1" name="myTest" time="82.207"/>
  <testcase classname="com.iween.OneWay.TCCP_1" name="myTest" time="83.301"/>
  <testcase classname="com.iween.OneWay.TCCP_1" name="myTest" time="86.986"/>
  <testcase classname="com.iween.OneWay.TCCP_1" name="myTest" time="73.043"/>
  <testcase classname="com.iween.OneWay.TCCP_1" name="myTest" time="69.331"/>
  <testcase classname="com.iween.OneWay.TCCP_1" name="myTest" time="100.739"/>
  <testcase classname="com.iween.OneWay.TCCP_1" name="myTest" time="77.867"/>
  <testcase classname="com.iween.OneWay.TCCP_1" name="myTest" time="85.546"/>
  <testcase classname="com.iween.OneWay.TCCP_1" name="myTest" time="82.886"/>
  <testcase classname="com.iween.OneWay.TCCP_1" name="myTest" time="81.246"/>
  <testcase classname="com.iween.OneWay.TCCP_1" name="myTest" time="71.138"/>
  <testcase classname="com.iween.OneWay.TCCP_1" name="myTest" time="77.935"/>
  <testcase classname="com.iween.OneWay.TCCP_1" name="myTest" time="69.383"/>
  <testcase classname="com.iween.OneWay.TCCP_1" name="myTest" time="74.365"/>
  <testcase classname="com.iween.OneWay.TCCP_1" name="myTest" time="64.289"/>
  <testcase classname="com.iween.OneWay.TCCP_1" name="myTest" time="68.992"/>
  <testcase classname="com.iween.OneWay.TCCP_1" name="myTest" time="114.840">
    <failure message="null" type="java.lang.AssertionError">
      <![CDATA[java.lang.AssertionError: null
at org.testng.Assert.fail(Assert.java:111)
at org.testng.Assert.fail(Assert.java:116)
at com.skytraveller.pageObjects1.ResultPage.validateResultPage1(ResultPage.java:400)
at com.iween.OneWay.TCCP_1.myTest(TCCP_1.java:122)
at java.base/jdk.internal.reflect.DirectMethodHandleAccessor.invoke(DirectMethodHandleAccessor.java:103)
at java.base/java.lang.reflect.Method.invoke(Method.java:580)
at org.testng.internal.invokers.MethodInvocationHelper.invokeMethod(MethodInvocationHelper.java:141)
at org.testng.internal.invokers.TestInvoker.invokeMethod(TestInvoker.java:687)
at org.testng.internal.invokers.TestInvoker.invokeTestMethod(TestInvoker.java:230)
at org.testng.internal.invokers.MethodRunner.runInSequence(MethodRunner.java:63)
at org.testng.internal.invokers.TestInvoker$MethodInvocationAgent.invoke(TestInvoker.java:995)
at org.testng.internal.invokers.TestInvoker.invokeTestMethods(TestInvoker.java:203)
at org.testng.internal.invokers.TestMethodWorker.invokeTestMethods(TestMethodWorker.java:154)
at org.testng.internal.invokers.TestMethodWorker.run(TestMethodWorker.java:134)
at java.base/java.util.concurrent.Executors$RunnableAdapter.call(Executors.java:572)
at java.base/java.util.concurrent.FutureTask.run(FutureTask.java:317)
at org.testng.internal.thread.graph.TestNGFutureTask.run(TestNGFutureTask.java:22)
at java.base/java.util.concurrent.ThreadPoolExecutor.runWorker(ThreadPoolExecutor.java:1144)
at java.base/java.util.concurrent.ThreadPoolExecutor$Worker.run(ThreadPoolExecutor.java:642)
at java.base/java.lang.Thread.run(Thread.java:1583)
]]>
    </failure>
  </testcase> <!-- myTest -->
  <testcase classname="com.iween.OneWay.TCCP_1" name="myTest" time="92.427"/>
  <testcase classname="com.iween.OneWay.TCCP_1" name="myTest" time="66.976"/>
  <testcase classname="com.iween.OneWay.TCCP_1" name="myTest" time="114.583">
    <failure message="null" type="java.lang.AssertionError">
      <![CDATA[java.lang.AssertionError: null
at org.testng.Assert.fail(Assert.java:111)
at org.testng.Assert.fail(Assert.java:116)
at com.skytraveller.pageObjects1.ResultPage.validateResultPage1(ResultPage.java:400)
at com.iween.OneWay.TCCP_1.myTest(TCCP_1.java:122)
at java.base/jdk.internal.reflect.DirectMethodHandleAccessor.invoke(DirectMethodHandleAccessor.java:103)
at java.base/java.lang.reflect.Method.invoke(Method.java:580)
at org.testng.internal.invokers.MethodInvocationHelper.invokeMethod(MethodInvocationHelper.java:141)
at org.testng.internal.invokers.TestInvoker.invokeMethod(TestInvoker.java:687)
at org.testng.internal.invokers.TestInvoker.invokeTestMethod(TestInvoker.java:230)
at org.testng.internal.invokers.MethodRunner.runInSequence(MethodRunner.java:63)
at org.testng.internal.invokers.TestInvoker$MethodInvocationAgent.invoke(TestInvoker.java:995)
at org.testng.internal.invokers.TestInvoker.invokeTestMethods(TestInvoker.java:203)
at org.testng.internal.invokers.TestMethodWorker.invokeTestMethods(TestMethodWorker.java:154)
at org.testng.internal.invokers.TestMethodWorker.run(TestMethodWorker.java:134)
at java.base/java.util.concurrent.Executors$RunnableAdapter.call(Executors.java:572)
at java.base/java.util.concurrent.FutureTask.run(FutureTask.java:317)
at org.testng.internal.thread.graph.TestNGFutureTask.run(TestNGFutureTask.java:22)
at java.base/java.util.concurrent.ThreadPoolExecutor.runWorker(ThreadPoolExecutor.java:1144)
at java.base/java.util.concurrent.ThreadPoolExecutor$Worker.run(ThreadPoolExecutor.java:642)
at java.base/java.lang.Thread.run(Thread.java:1583)
]]>
    </failure>
  </testcase> <!-- myTest -->
  <testcase classname="com.iween.OneWay.TCCP_1" name="myTest" time="83.218"/>
  <testcase classname="com.iween.OneWay.TCCP_1" name="myTest" time="82.728"/>
  <testcase classname="com.iween.OneWay.TCCP_1" name="myTest" time="68.877"/>
  <testcase classname="com.iween.OneWay.TCCP_1" name="myTest" time="74.733"/>
  <testcase classname="com.iween.OneWay.TCCP_1" name="myTest" time="81.239"/>
  <testcase classname="com.iween.OneWay.TCCP_1" name="myTest" time="68.806"/>
</testsuite> <!-- com.iween.OneWay.TCCP_1 -->
