<?xml version="1.0" encoding="UTF-8"?>
<!-- Generated by org.testng.reporters.JUnitReportReporter -->
<testsuite hostname="DESKTOP-SEE9OFQ" failures="0" tests="1" name="com.iween.searchtobookingsupplierwise.TCSBS_10_SearchToBookingflyarianaSupplier" time="76.324" errors="0" timestamp="2025-09-01T14:42:29 IST" skipped="0">
  <testcase classname="com.iween.searchtobookingsupplierwise.TCSBS_10_SearchToBookingflyarianaSupplier" name="myTest" time="76.324"/>
</testsuite> <!-- com.iween.searchtobookingsupplierwise.TCSBS_10_SearchToBookingflyarianaSupplier -->
