<?xml version="1.0" encoding="UTF-8"?>
<!-- Generated by org.testng.reporters.JUnitReportReporter -->
<testsuite hostname="DESKTOP-SEE9OFQ" failures="0" tests="1" name="com.iween.searchtobookingsupplierwise.TCSBS_15_SearchToBookingEmiratesSupplier" time="230.689" errors="0" timestamp="2025-09-01T14:42:29 IST" skipped="0">
  <testcase classname="com.iween.searchtobookingsupplierwise.TCSBS_15_SearchToBookingEmiratesSupplier" name="myTest" time="230.689"/>
</testsuite> <!-- com.iween.searchtobookingsupplierwise.TCSBS_15_SearchToBookingEmiratesSupplier -->
