<?xml version="1.0" encoding="UTF-8"?>
<!-- Generated by org.testng.reporters.JUnitReportReporter -->
<testsuite hostname="DESKTOP-SEE9OFQ" failures="0" tests="1" name="com.iween.RoundTripFilterTestcase1.TCCP_11" time="129.443" errors="0" timestamp="2025-09-12T15:56:13 IST" skipped="0">
  <testcase classname="com.iween.RoundTripFilterTestcase1.TCCP_11" name="myTest" time="129.443"/>
</testsuite> <!-- com.iween.RoundTripFilterTestcase1.TCCP_11 -->
